<?xml version="1.0" encoding="UTF-8"?>
<!-- Generated by org.testng.reporters.JUnitXMLReporter -->
<testsuite hostname="LAPTOP-SV9TVNET" ignored="0" name="Default test" tests="2" failures="0" timestamp="2021-07-25T20:23:11 IST" time="12.101" errors="0">
  <testcase name="mytest" time="8.158" classname="ExtentReportWithScreenShot.Screenshot.ExtentReportDemo"/>
  <testcase name="mytest1" time="3.759" classname="ExtentReportWithScreenShot.Screenshot.ExtentReportDemo"/>
</testsuite> <!-- Default test -->
