<?xml version="1.0" encoding="UTF-8"?>
<testng-results skipped="0" failed="0" ignored="0" total="2" passed="2">
  <reporter-output>
  </reporter-output>
  <suite name="Suite" duration-ms="10256" started-at="2021-09-29T20:47:20 IST" finished-at="2021-09-29T20:47:30 IST">
    <groups>
    </groups>
    <test name="Test" duration-ms="10256" started-at="2021-09-29T20:47:20 IST" finished-at="2021-09-29T20:47:30 IST">
      <class name="ExtentReportWithScreenShot.Screenshot.ExtentReportDemo">
        <test-method status="PASS" signature="init()[pri:0, instance:ExtentReportWithScreenShot.Screenshot.ExtentReportDemo@6d7b4f4c]" name="init" is-config="true" duration-ms="155" started-at="2021-09-29T20:47:20 IST" finished-at="2021-09-29T20:47:20 IST">
          <reporter-output>
          </reporter-output>
        </test-method> <!-- init -->
        <test-method status="PASS" signature="mytest()[pri:0, instance:ExtentReportWithScreenShot.Screenshot.ExtentReportDemo@6d7b4f4c]" name="mytest" duration-ms="7035" started-at="2021-09-29T20:47:20 IST" finished-at="2021-09-29T20:47:27 IST">
          <reporter-output>
          </reporter-output>
        </test-method> <!-- mytest -->
        <test-method status="PASS" signature="mytest1()[pri:0, instance:ExtentReportWithScreenShot.Screenshot.ExtentReportDemo@6d7b4f4c]" name="mytest1" duration-ms="3039" started-at="2021-09-29T20:47:27 IST" finished-at="2021-09-29T20:47:30 IST">
          <reporter-output>
          </reporter-output>
        </test-method> <!-- mytest1 -->
      </class> <!-- ExtentReportWithScreenShot.Screenshot.ExtentReportDemo -->
    </test> <!-- Test -->
  </suite> <!-- Suite -->
</testng-results>
