<?xml version="1.0" encoding="UTF-8"?>
<testng-results skipped="0" failed="0" ignored="0" total="2" passed="2">
  <reporter-output>
  </reporter-output>
  <suite name="Suite" duration-ms="12486" started-at="2021-10-05T12:24:45 IST" finished-at="2021-10-05T12:24:57 IST">
    <groups>
    </groups>
    <test name="Test" duration-ms="12486" started-at="2021-10-05T12:24:45 IST" finished-at="2021-10-05T12:24:57 IST">
      <class name="ExtentReportWithScreenShot.Screenshot.ExtentReportDemo">
        <test-method status="PASS" signature="init()[pri:0, instance:ExtentReportWithScreenShot.Screenshot.ExtentReportDemo@15d0c81b]" name="init" is-config="true" duration-ms="184" started-at="2021-10-05T12:24:45 IST" finished-at="2021-10-05T12:24:45 IST">
          <reporter-output>
          </reporter-output>
        </test-method> <!-- init -->
        <test-method status="PASS" signature="mytest()[pri:0, instance:ExtentReportWithScreenShot.Screenshot.ExtentReportDemo@15d0c81b]" name="mytest" duration-ms="8652" started-at="2021-10-05T12:24:45 IST" finished-at="2021-10-05T12:24:54 IST">
          <reporter-output>
          </reporter-output>
        </test-method> <!-- mytest -->
        <test-method status="PASS" signature="mytest1()[pri:0, instance:ExtentReportWithScreenShot.Screenshot.ExtentReportDemo@15d0c81b]" name="mytest1" duration-ms="3614" started-at="2021-10-05T12:24:54 IST" finished-at="2021-10-05T12:24:57 IST">
          <reporter-output>
          </reporter-output>
        </test-method> <!-- mytest1 -->
      </class> <!-- ExtentReportWithScreenShot.Screenshot.ExtentReportDemo -->
    </test> <!-- Test -->
  </suite> <!-- Suite -->
</testng-results>
